getting symbols...
got 1408 symbols

generating paths...
4636 paths were generated!

# # # connection to "wss://stream.binance.com:443/ws" OPENED # # #

took 20016.33695077896 seconds

got 88 profits bigger than 0.5%: 
	0.834%   [BUSDBIDR -> AXSBIDR -> AXSBUSD]
	1.1165%   [USDTBIDR -> AXSBIDR -> AXSUSDT]
	0.8211%   [USDTBIDR -> AXSBIDR -> AXSUSDT]
	0.8211%   [USDTBIDR -> AXSBIDR -> AXSUSDT]
	1.1165%   [USDTBIDR -> AXSBIDR -> AXSUSDT]
	1.1294%   [USDTBIDR -> AXSBIDR -> AXSUSDT]
	0.9688%   [USDTBIDR -> AXSBIDR -> AXSUSDT]
	1.1229%   [USDTBIDR -> AXSBIDR -> AXSUSDT]
	1.4487%   [BUSDBIDR -> AXSBIDR -> AXSBUSD]
	0.8368%   [USDTBIDR -> AXSBIDR -> AXSUSDT]
	0.8368%   [USDTBIDR -> AXSBIDR -> AXSUSDT]
	0.9769%   [USDTBIDR -> AXSBIDR -> AXSUSDT]
	1.1048%   [BUSDBIDR -> AXSBIDR -> AXSBUSD]
	1.2194%   [USDTBIDR -> AXSBIDR -> AXSUSDT]
	0.9256%   [USDTBIDR -> AXSBIDR -> AXSUSDT]
	0.9256%   [USDTBIDR -> AXSBIDR -> AXSUSDT]
	0.6188%   [USDTBIDR -> AXSBIDR -> AXSUSDT]
	0.9191%   [USDTBIDR -> AXSBIDR -> AXSUSDT]
	0.798%   [BUSDBIDR -> AXSBIDR -> AXSBUSD]
	0.9191%   [USDTBIDR -> AXSBIDR -> AXSUSDT]
	0.5559%   [HOOKUSDT -> BUSDUSDT -> HOOKBUSD]
	0.6773%   [USDTBIDR -> AXSBIDR -> AXSUSDT]
	0.5307%   [USDTBIDR -> AXSBIDR -> AXSUSDT]
	0.5564%   [BUSDBIDR -> AXSBIDR -> AXSBUSD]
	0.5372%   [USDTBIDR -> AXSBIDR -> AXSUSDT]
	0.7224%   [BUSDBIDR -> AXSBIDR -> AXSBUSD]
	0.5757%   [BUSDBIDR -> AXSBIDR -> AXSBUSD]
	0.6902%   [USDTBIDR -> AXSBIDR -> AXSUSDT]
	0.6902%   [USDTBIDR -> AXSBIDR -> AXSUSDT]
	0.8368%   [USDTBIDR -> AXSBIDR -> AXSUSDT]
	0.9256%   [USDTBIDR -> AXSBIDR -> AXSUSDT]
	0.9385%   [USDTBIDR -> AXSBIDR -> AXSUSDT]
	0.7329%   [USDTRUB -> NEARRUB -> NEARUSDT]
	0.9551%   [COSUSDT -> COSBNB -> BNBUSDT]
	0.8553%   [MBOXUSDT -> MBOXBNB -> BNBUSDT]
	0.5013%   [XVSUSDT -> XVSBNB -> BNBUSDT]
	0.6548%   [IDEXUSDT -> IDEXBNB -> BNBUSDT]
	1.0531%   [USDTBIDR -> AXSBIDR -> AXSUSDT]
	0.5893%   [USDTRUB -> NEARRUB -> NEARUSDT]
	0.7295%   [USDTRUB -> NEARRUB -> NEARUSDT]
	0.7295%   [USDTRUB -> NEARRUB -> NEARUSDT]
	0.5893%   [USDTRUB -> NEARRUB -> NEARUSDT]
	0.5069%   [USDTRUB -> NEARRUB -> NEARUSDT]
	0.5626%   [USDTRUB -> NEARRUB -> NEARUSDT]
	0.7024%   [USDTRUB -> NEARRUB -> NEARUSDT]
	0.7024%   [USDTRUB -> NEARRUB -> NEARUSDT]
	0.6897%   [USDTRUB -> NEARRUB -> NEARUSDT]
	0.7595%   [USDTRUB -> NEARRUB -> NEARUSDT]
	0.7595%   [USDTRUB -> NEARRUB -> NEARUSDT]
	0.7595%   [USDTRUB -> NEARRUB -> NEARUSDT]
	0.5174%   [FUNUSDT -> FUNBNB -> BNBUSDT]
	0.5702%   [BNTBUSD -> BNTETH -> ETHBUSD]
	0.5629%   [BNTBUSD -> BNTETH -> ETHBUSD]
	0.5953%   [BNTBUSD -> BNTETH -> ETHBUSD]
	0.7224%   [BNTBUSD -> BNTETH -> ETHBUSD]
	0.5933%   [USDTTRY -> AUDIOTRY -> AUDIOUSDT]
	0.5933%   [USDTTRY -> AUDIOTRY -> AUDIOUSDT]
	0.8413%   [UFTBUSD -> UFTETH -> ETHBUSD]
	0.8965%   [BNTUSDT -> BNTETH -> ETHUSDT]
	0.5044%   [FUNUSDT -> FUNBNB -> BNBUSDT]
	0.5271%   [SNTBUSD -> SNTETH -> ETHBUSD]
	0.5439%   [FUNUSDT -> FUNBNB -> BNBUSDT]
	0.503%   [IOTAUSDT -> IOTABNB -> BNBUSDT]
	0.503%   [IOTAUSDT -> IOTABNB -> BNBUSDT]
	0.503%   [IOTAUSDT -> IOTABNB -> BNBUSDT]
	0.5423%   [IOTAUSDT -> IOTABNB -> BNBUSDT]
	0.5816%   [IOTAUSDT -> IOTABNB -> BNBUSDT]
	0.5423%   [IOTAUSDT -> IOTABNB -> BNBUSDT]
	0.5423%   [IOTAUSDT -> IOTABNB -> BNBUSDT]
	0.6209%   [IOTAUSDT -> IOTABNB -> BNBUSDT]
	0.5334%   [KNCBUSD -> KNCBNB -> BNBBUSD]
	0.5723%   [KNCBUSD -> KNCBNB -> BNBBUSD]
	0.5334%   [KNCBUSD -> KNCBNB -> BNBBUSD]
	0.5334%   [KNCBUSD -> KNCBNB -> BNBBUSD]
	0.5723%   [KNCUSDT -> KNCBNB -> BNBUSDT]
	0.5334%   [KNCBUSD -> KNCBNB -> BNBBUSD]
	0.5723%   [KNCBUSD -> KNCBNB -> BNBBUSD]
	0.5723%   [KNCBUSD -> KNCBNB -> BNBBUSD]
	0.6112%   [KNCBUSD -> KNCBNB -> BNBBUSD]
	0.6112%   [KNCBUSD -> KNCBNB -> BNBBUSD]
	0.6501%   [KNCUSDT -> KNCBNB -> BNBUSDT]
	0.6112%   [KNCUSDT -> KNCBNB -> BNBUSDT]
	0.6501%   [KNCUSDT -> KNCBNB -> BNBUSDT]
	0.6501%   [KNCUSDT -> KNCBNB -> BNBUSDT]
	0.6112%   [KNCBUSD -> KNCBNB -> BNBBUSD]
	0.979%   [USDTBIDR -> AXSBIDR -> AXSUSDT]
	0.8106%   [USDTBIDR -> AXSBIDR -> AXSUSDT]
	0.9384%   [FTMBUSD -> FTMRUB -> BUSDRUB]

took on avarage: 191.3003sec
